<?xml version="1.0" encoding="UTF-8"?>
<!-- Generated by org.testng.reporters.JUnitReportReporter -->
<testsuite skipped="0" hostname="SKaans-MacBook-Pro.local" name="guru99.calisma" tests="1" failures="0" timestamp="16 Jul 2018 18:38:06 GMT" time="2.716" errors="0">
  <testcase name="setUp" time="2.716" classname="guru99.calisma"/>
</testsuite> <!-- guru99.calisma -->
