<?xml version="1.0" encoding="UTF-8"?>
<!-- Generated by org.testng.reporters.JUnitReportReporter -->
<testsuite skipped="0" hostname="SKaans-MacBook-Pro.local" name="amazonsearch.PrintAllProductDetails" tests="1" failures="0" timestamp="30 Jun 2018 18:15:08 GMT" time="7.765" errors="0">
  <testcase name="getAllProductsV1" time="7.765" classname="amazonsearch.PrintAllProductDetails"/>
</testsuite> <!-- amazonsearch.PrintAllProductDetails -->
