<?xml version="1.0" encoding="UTF-8"?>
<!-- Generated by org.testng.reporters.JUnitReportReporter -->
<testsuite skipped="0" hostname="SKaans-MacBook-Pro.local" name="pomDesign.WebOrderTests" tests="3" failures="0" timestamp="19 Jul 2018 18:36:00 GMT" time="5.091" errors="0">
  <testcase name="labelsVerication" time="1.172" classname="pomDesign.WebOrderTests"/>
  <testcase name="availableProductsTest" time="1.424" classname="pomDesign.WebOrderTests"/>
  <testcase name="orderAProduct" time="2.495" classname="pomDesign.WebOrderTests"/>
</testsuite> <!-- pomDesign.WebOrderTests -->
