<?xml version="1.0" encoding="UTF-8"?>
<!-- Generated by org.testng.reporters.JUnitReportReporter -->
<testsuite skipped="0" hostname="SKaans-MacBook-Pro.local" name="com.mockaroo.MockarooDataValidation" tests="3" failures="0" timestamp="07 Jul 2018 21:49:12 GMT" time="18.300" errors="0">
  <testcase name="test" time="2.457" classname="com.mockaroo.MockarooDataValidation"/>
  <testcase name="create" time="15.816" classname="com.mockaroo.MockarooDataValidation"/>
  <testcase name="runner" time="0.027" classname="com.mockaroo.MockarooDataValidation"/>
</testsuite> <!-- com.mockaroo.MockarooDataValidation -->
