<?xml version="1.0" encoding="UTF-8"?>
<!-- Generated by org.testng.reporters.JUnitReportReporter -->
<testsuite skipped="0" hostname="SKaans-MacBook-Pro.local" name="com.mockaroo.selfMockaroo" tests="1" failures="0" timestamp="26 Jun 2018 16:15:27 GMT" time="1.874" errors="0">
  <testcase name="test" time="1.874" classname="com.mockaroo.selfMockaroo"/>
</testsuite> <!-- com.mockaroo.selfMockaroo -->
