<?xml version="1.0" encoding="UTF-8"?>
<!-- Generated by org.testng.reporters.JUnitReportReporter -->
<testsuite skipped="0" hostname="SKaans-MacBook-Pro.local" name="com.cybertek.TestNGDemo" tests="2" failures="0" timestamp="23 Jun 2018 02:15:56 GMT" time="0.013" errors="0">
  <testcase name="testSecond" time="0.002" classname="com.cybertek.TestNGDemo"/>
  <testcase name="testOne" time="0.011" classname="com.cybertek.TestNGDemo"/>
</testsuite> <!-- com.cybertek.TestNGDemo -->
