<?xml version="1.0" encoding="UTF-8"?>
<!-- Generated by org.testng.reporters.JUnitReportReporter -->
<testsuite skipped="0" hostname="SKaans-MacBook-Pro.local" name="olympics.Olympics1" tests="7" failures="0" timestamp="03 Jul 2018 17:30:41 GMT" time="3.124" errors="0">
  <testcase name="theMost" time="1.122" classname="olympics.Olympics1"/>
  <testcase name="getSum" time="1.006" classname="olympics.Olympics1"/>
  <testcase name="sortTest1" time="0.155" classname="olympics.Olympics1"/>
  <testcase name="sortTest2" time="0.207" classname="olympics.Olympics1"/>
  <testcase name="country18silver" time="0.161" classname="olympics.Olympics1"/>
  <testcase name="testJapan" time="0.249" classname="olympics.Olympics1"/>
  <testcase name="sortTest3" time="0.224" classname="olympics.Olympics1"/>
</testsuite> <!-- olympics.Olympics1 -->
