<?xml version="1.0" encoding="UTF-8"?>
<!-- Generated by org.testng.reporters.JUnitReportReporter -->
<testsuite skipped="0" hostname="SKaans-MacBook-Pro.local" name="propertyClass.ConfigLoader2" tests="1" failures="0" timestamp="11 Jul 2018 03:41:53 GMT" time="2.614" errors="0">
  <testcase name="getAllProductsV1" time="2.614" classname="propertyClass.ConfigLoader2"/>
</testsuite> <!-- propertyClass.ConfigLoader2 -->
