<?xml version="1.0" encoding="UTF-8"?>
<!-- Generated by org.testng.reporters.JUnitReportReporter -->
<testsuite skipped="0" hostname="SKaans-MacBook-Pro.local" name="com.prestashop.PrestashopLoginPositiveScenarios" tests="1" failures="0" timestamp="26 Jun 2018 19:54:46 GMT" time="11.369" errors="0">
  <testcase name="loginTest" time="11.369" classname="com.prestashop.PrestashopLoginPositiveScenarios"/>
</testsuite> <!-- com.prestashop.PrestashopLoginPositiveScenarios -->
