<?xml version="1.0" encoding="UTF-8"?>
<!-- Generated by org.testng.reporters.JUnitReportReporter -->
<testsuite skipped="0" hostname="SKaans-MacBook-Pro.local" name="suitCRMTests.SuitCRMTest" tests="1" failures="0" timestamp="11 Jul 2018 23:53:01 GMT" time="2.708" errors="0">
  <testcase name="getAllProductsV1" time="2.708" classname="suitCRMTests.SuitCRMTest"/>
</testsuite> <!-- suitCRMTests.SuitCRMTest -->
