<?xml version="1.0" encoding="UTF-8"?>
<!-- Generated by org.testng.reporters.JUnitReportReporter -->
<testsuite skipped="0" hostname="SKaans-MacBook-Pro.local" name="fileUpload.ActionsExamples" tests="6" failures="0" timestamp="08 Jul 2018 04:38:16 GMT" time="29.518" errors="0">
  <testcase name="hoverTest2" time="3.637" classname="fileUpload.ActionsExamples"/>
  <testcase name="dragDropTest1" time="5.761" classname="fileUpload.ActionsExamples"/>
  <testcase name="dragDropTest2" time="5.435" classname="fileUpload.ActionsExamples"/>
  <testcase name="hoverTest1" time="7.171" classname="fileUpload.ActionsExamples"/>
  <testcase name="scrollTest" time="4.156" classname="fileUpload.ActionsExamples"/>
  <testcase name="doubleClickTest" time="3.358" classname="fileUpload.ActionsExamples"/>
</testsuite> <!-- fileUpload.ActionsExamples -->
