<?xml version="1.0" encoding="UTF-8"?>
<!-- Generated by org.testng.reporters.JUnitReportReporter -->
<testsuite skipped="0" hostname="SKaans-MacBook-Pro.local" name="asservsverify.AssertStepFails" tests="2" failures="0" timestamp="01 Jul 2018 15:04:37 GMT" time="0.010" errors="0">
  <testcase name="test2" time="0.001" classname="asservsverify.AssertStepFails"/>
  <testcase name="test1" time="0.009" classname="asservsverify.AssertStepFails"/>
</testsuite> <!-- asservsverify.AssertStepFails -->
