<?xml version="1.0" encoding="UTF-8"?>
<!-- Generated by org.testng.reporters.JUnitReportReporter -->
<testsuite skipped="0" hostname="SKaans-MacBook-Pro.local" name="com.cybertek.UnitTest" tests="1" failures="0" timestamp="29 Jun 2018 00:13:16 GMT" time="0.011" errors="0">
  <testcase name="addTest" time="0.011" classname="com.cybertek.UnitTest"/>
</testsuite> <!-- com.cybertek.UnitTest -->
