<?xml version="1.0" encoding="UTF-8"?>
<!-- Generated by org.testng.reporters.JUnitReportReporter -->
<testsuite skipped="1" hostname="SKaans-MacBook-Pro.local" name="pomDesign.WebOrdersLoginTests" tests="3" failures="0" timestamp="18 Jul 2018 22:04:58 GMT" time="1.065" errors="0">
  <testcase name="invalidUsernameTest" time="0.587" classname="pomDesign.WebOrdersLoginTests"/>
  <testcase name="positiveLoginUsingPOM" time="0.478" classname="pomDesign.WebOrdersLoginTests"/>
  <testcase name="positiveloginTest" classname="pomDesign.WebOrdersLoginTests">
    <skipped/>
  </testcase> <!-- positiveloginTest -->
</testsuite> <!-- pomDesign.WebOrdersLoginTests -->
