<?xml version="1.0" encoding="UTF-8"?>
<!-- Generated by org.testng.reporters.JUnitReportReporter -->
<testsuite skipped="0" hostname="SKaans-MacBook-Pro.local" name="popUp.PopupExamples" tests="2" failures="0" timestamp="12 Jul 2018 04:24:59 GMT" time="6.861" errors="0">
  <testcase name="htmlPopUps" time="4.629" classname="popUp.PopupExamples"/>
  <testcase name="AlertTest" time="2.232" classname="popUp.PopupExamples"/>
</testsuite> <!-- popUp.PopupExamples -->
