<?xml version="1.0" encoding="UTF-8"?>
<!-- Generated by org.testng.reporters.JUnitReportReporter -->
<testsuite skipped="0" hostname="SKaans-MacBook-Pro.local" name="fileUpload.FileUploadExamples" tests="1" failures="0" timestamp="08 Jul 2018 00:57:02 GMT" time="2.859" errors="0">
  <testcase name="testFileUpload" time="2.859" classname="fileUpload.FileUploadExamples"/>
</testsuite> <!-- fileUpload.FileUploadExamples -->
