<?xml version="1.0" encoding="UTF-8"?>
<!-- Generated by org.testng.reporters.JUnitReportReporter -->
<testsuite skipped="0" hostname="SKaans-MacBook-Pro.local" name="olympics.deneme1" tests="1" failures="0" timestamp="03 Jul 2018 17:05:31 GMT" time="3.169" errors="0">
  <testcase name="setUp" time="3.169" classname="olympics.deneme1"/>
</testsuite> <!-- olympics.deneme1 -->
