<?xml version="1.0" encoding="UTF-8"?>
<!-- Generated by org.testng.reporters.JUnitReportReporter -->
<testsuite skipped="0" hostname="SKaans-MacBook-Pro.local" name="com.cybertek.AssertionsDemo" tests="2" failures="0" timestamp="29 Jun 2018 01:54:37 GMT" time="0.021" errors="0">
  <testcase name="testOne" time="0.018" classname="com.cybertek.AssertionsDemo"/>
  <testcase name="testTwo" time="0.003" classname="com.cybertek.AssertionsDemo"/>
</testsuite> <!-- com.cybertek.AssertionsDemo -->
