<?xml version="1.0" encoding="UTF-8"?>
<!-- Generated by org.testng.reporters.JUnitReportReporter -->
<testsuite skipped="0" hostname="SKaans-MacBook-Pro.local" name="waits.SleepTest" tests="1" failures="0" timestamp="14 Jul 2018 16:58:33 GMT" time="7.215" errors="0">
  <testcase name="test" time="7.215" classname="waits.SleepTest"/>
</testsuite> <!-- waits.SleepTest -->
