<?xml version="1.0" encoding="UTF-8"?>
<!-- Generated by org.testng.reporters.JUnitReportReporter -->
<testsuite skipped="0" hostname="SKaans-MacBook-Pro.local" name="waits.FluentWaitTest" tests="1" failures="0" timestamp="14 Jul 2018 18:36:15 GMT" time="5.594" errors="0">
  <testcase name="test" time="5.594" classname="waits.FluentWaitTest"/>
</testsuite> <!-- waits.FluentWaitTest -->
