<?xml version="1.0" encoding="UTF-8"?>
<!-- Generated by org.testng.reporters.JUnitReportReporter -->
<testsuite skipped="0" hostname="SKaans-MacBook-Pro.local" name="webelements.Practice" tests="1" failures="0" timestamp="27 Jun 2018 22:39:07 GMT" time="2.134" errors="0">
  <testcase name="WebElement" time="2.134" classname="webelements.Practice"/>
</testsuite> <!-- webelements.Practice -->
