<?xml version="1.0" encoding="UTF-8"?>
<!-- Generated by org.testng.reporters.JUnitReportReporter -->
<testsuite skipped="0" hostname="SKaans-MacBook-Pro.local" name="webtables.ReadWebTables" tests="2" failures="0" timestamp="30 Jun 2018 20:46:06 GMT" time="3.354" errors="0">
  <testcase name="applicantsData" time="2.747" classname="webtables.ReadWebTables"/>
  <testcase name="readScores" time="0.607" classname="webtables.ReadWebTables"/>
</testsuite> <!-- webtables.ReadWebTables -->
