<?xml version="1.0" encoding="UTF-8"?>
<!-- Generated by org.testng.reporters.JUnitReportReporter -->
<testsuite skipped="0" hostname="SKaans-MacBook-Pro.local" name="webtables.calisma" tests="2" failures="0" timestamp="01 Jul 2018 01:30:51 GMT" time="2.069" errors="0">
  <testcase name="readScores" time="0.676" classname="webtables.calisma"/>
  <testcase name="applicantsData" time="1.393" classname="webtables.calisma"/>
</testsuite> <!-- webtables.calisma -->
