<?xml version="1.0" encoding="UTF-8"?>
<!-- Generated by org.testng.reporters.JUnitReportReporter -->
<testsuite skipped="0" hostname="SKaans-MacBook-Pro.local" name="olympics.denene" tests="1" failures="0" timestamp="03 Jul 2018 21:59:08 GMT" time="1.902" errors="0">
  <testcase name="testCase1" time="1.902" classname="olympics.denene"/>
</testsuite> <!-- olympics.denene -->
