<?xml version="1.0" encoding="UTF-8"?>
<!-- Generated by org.testng.reporters.JUnitReportReporter -->
<testsuite skipped="0" hostname="SKaans-MacBook-Pro.local" name="com.cybertek.SearchTests" tests="1" failures="0" timestamp="23 Jun 2018 02:46:42 GMT" time="7.601" errors="0">
  <testcase name="amazonSearchOne" time="7.601" classname="com.cybertek.SearchTests"/>
</testsuite> <!-- com.cybertek.SearchTests -->
