<?xml version="1.0" encoding="UTF-8"?>
<!-- Generated by org.testng.reporters.JUnitReportReporter -->
<testsuite skipped="0" hostname="SKaans-MacBook-Pro.local" name="webelements.WebElements" tests="3" failures="0" timestamp="27 Jun 2018 23:03:23 GMT" time="118.728" errors="0">
  <testcase name="slideShow" time="111.802" classname="webelements.WebElements"/>
  <testcase name="SeleniumWebElementsForm" time="2.401" classname="webelements.WebElements"/>
  <testcase name="myLinks" time="4.525" classname="webelements.WebElements"/>
</testsuite> <!-- webelements.WebElements -->
