<?xml version="1.0" encoding="UTF-8"?>
<!-- Generated by org.testng.reporters.JUnitReportReporter -->
<testsuite skipped="0" hostname="SKaans-MacBook-Pro.local" name="com.prestashop.Prestashop" tests="4" failures="0" timestamp="26 Jun 2018 19:55:16 GMT" time="21.298" errors="0">
  <testcase name="BlankEmailTest" time="4.701" classname="com.prestashop.Prestashop"/>
  <testcase name="BlankPasswordTest" time="6.052" classname="com.prestashop.Prestashop"/>
  <testcase name="InvalidEmailTest" time="5.318" classname="com.prestashop.Prestashop"/>
  <testcase name="WrongCredentialsTest" time="5.227" classname="com.prestashop.Prestashop"/>
</testsuite> <!-- com.prestashop.Prestashop -->
