<?xml version="1.0" encoding="UTF-8"?>
<!-- Generated by org.testng.reporters.JUnitReportReporter -->
<testsuite skipped="0" hostname="SKaans-MacBook-Pro.local" name="pomDesignHomework.OrderPage" tests="2" failures="0" timestamp="09 Jul 2018 22:48:05 GMT" time="2.402" errors="0">
  <testcase name="login" time="0.805" classname="pomDesignHomework.OrderPage"/>
  <testcase name="orderAProduct" time="1.597" classname="pomDesignHomework.OrderPage"/>
</testsuite> <!-- pomDesignHomework.OrderPage -->
