<?xml version="1.0" encoding="UTF-8"?>
<!-- Generated by org.testng.reporters.JUnitReportReporter -->
<testsuite skipped="1" hostname="SKaans-MacBook-Pro.local" name="pom.WebOrdersLoginTests" tests="3" failures="0" timestamp="08 Jul 2018 17:15:03 GMT" time="1.146" errors="0">
  <testcase name="invalidUsernameTest" time="0.615" classname="pom.WebOrdersLoginTests"/>
  <testcase name="positiveloginUsingPOM" time="0.531" classname="pom.WebOrdersLoginTests"/>
  <testcase name="positiveloginTest" classname="pom.WebOrdersLoginTests">
    <skipped/>
  </testcase> <!-- positiveloginTest -->
</testsuite> <!-- pom.WebOrdersLoginTests -->
